<?xml version="1.0" encoding="UTF-8"?>
<testsuite name="GuidingSpec" tests="1" skipped="0" failures="0" errors="0" timestamp="2015-11-25T19:47:21" hostname="terminus.local" time="0.049">
  <properties/>
  <testcase name="Craps is playable" classname="GuidingSpec" time="0.049"/>
  <system-out><![CDATA[]]></system-out>
  <system-err><![CDATA[]]></system-err>
</testsuite>
